# JRE version: Java(TM) SE Runtime Environment (8.0_121-b13) (build 1.8.0_121-b13)
# Java VM: Java HotSpot(TM) 64-Bit Server VM (25.121-b13 mixed mode windows-amd64 compressed oops)
Heap:
 PSYoungGen      total 453632K, used 239453K [0x00000000d5580000, 0x00000000f8880000, 0x0000000100000000)
  eden space 444928K, 52% used [0x00000000d5580000,0x00000000e378bcc0,0x00000000f0800000)
  from space 8704K, 91% used [0x00000000f0800000,0x00000000f0fcb780,0x00000000f1080000)
  to   space 9728K, 0% used [0x00000000f7f00000,0x00000000f7f00000,0x00000000f8880000)
 ParOldGen       total 92160K, used 26716K [0x0000000080000000, 0x0000000085a00000, 0x00000000d5580000)
  object space 92160K, 28% used [0x0000000080000000,0x0000000081a173d0,0x0000000085a00000)
 Metaspace       used 48268K, capacity 50702K, committed 50984K, reserved 1093632K
  class space    used 6413K, capacity 6850K, committed 6960K, reserved 1048576K
GC Heap History (10 events):
Event: 6.373 GC heap before
{Heap before GC invocations=11 (full 1):
 PSYoungGen      total 268800K, used 268576K [0x00000000d5580000, 0x00000000eb600000, 0x0000000100000000)
  eden space 264192K, 100% used [0x00000000d5580000,0x00000000e5780000,0x00000000e5780000)
  from space 4608K, 95% used [0x00000000e5780000,0x00000000e5bc8060,0x00000000e5c00000)
  to   space 5120K, 0% used [0x00000000eb100000,0x00000000eb100000,0x00000000eb600000)
 ParOldGen       total 53760K, used 5501K [0x0000000080000000, 0x0000000083480000, 0x00000000d5580000)
  object space 53760K, 10% used [0x0000000080000000,0x000000008055f658,0x0000000083480000)
 Metaspace       used 29949K, capacity 31034K, committed 31152K, reserved 1077248K
  class space    used 3896K, capacity 4156K, committed 4272K, reserved 1048576K
Event: 6.385 GC heap after
Heap after GC invocations=11 (full 1):
 PSYoungGen      total 350720K, used 5088K [0x00000000d5580000, 0x00000000eb600000, 0x0000000100000000)
  eden space 345600K, 0% used [0x00000000d5580000,0x00000000d5580000,0x00000000ea700000)
  from space 5120K, 99% used [0x00000000eb100000,0x00000000eb5f8040,0x00000000eb600000)
  to   space 6656K, 0% used [0x00000000ea900000,0x00000000ea900000,0x00000000eaf80000)
 ParOldGen       total 53760K, used 8357K [0x0000000080000000, 0x0000000083480000, 0x00000000d5580000)
  object space 53760K, 15% used [0x0000000080000000,0x0000000080829698,0x0000000083480000)
 Metaspace       used 29949K, capacity 31034K, committed 31152K, reserved 1077248K
  class space    used 3896K, capacity 4156K, committed 4272K, reserved 1048576K
}
Event: 7.369 GC heap before
{Heap before GC invocations=12 (full 1):
 PSYoungGen      total 350720K, used 218064K [0x00000000d5580000, 0x00000000eb600000, 0x0000000100000000)
  eden space 345600K, 61% used [0x00000000d5580000,0x00000000e257c2d0,0x00000000ea700000)
  from space 5120K, 99% used [0x00000000eb100000,0x00000000eb5f8040,0x00000000eb600000)
  to   space 6656K, 0% used [0x00000000ea900000,0x00000000ea900000,0x00000000eaf80000)
 ParOldGen       total 53760K, used 8357K [0x0000000080000000, 0x0000000083480000, 0x00000000d5580000)
  object space 53760K, 15% used [0x0000000080000000,0x0000000080829698,0x0000000083480000)
 Metaspace       used 34104K, capacity 35386K, committed 35496K, reserved 1079296K
  class space    used 4436K, capacity 4704K, committed 4784K, reserved 1048576K
Event: 7.385 GC heap after
Heap after GC invocations=12 (full 1):
 PSYoungGen      total 354304K, used 3936K [0x00000000d5580000, 0x00000000f1900000, 0x0000000100000000)
  eden space 347648K, 0% used [0x00000000d5580000,0x00000000d5580000,0x00000000ea900000)
  from space 6656K, 59% used [0x00000000ea900000,0x00000000eacd8000,0x00000000eaf80000)
  to   space 6656K, 0% used [0x00000000f1280000,0x00000000f1280000,0x00000000f1900000)
 ParOldGen       total 53760K, used 13320K [0x0000000080000000, 0x0000000083480000, 0x00000000d5580000)
  object space 53760K, 24% used [0x0000000080000000,0x0000000080d02080,0x0000000083480000)
 Metaspace       used 34104K, capacity 35386K, committed 35496K, reserved 1079296K
  class space    used 4436K, capacity 4704K, committed 4784K, reserved 1048576K
}
Event: 7.386 GC heap before
{Heap before GC invocations=13 (full 2):
 PSYoungGen      total 354304K, used 3936K [0x00000000d5580000, 0x00000000f1900000, 0x0000000100000000)
  eden space 347648K, 0% used [0x00000000d5580000,0x00000000d5580000,0x00000000ea900000)
  from space 6656K, 59% used [0x00000000ea900000,0x00000000eacd8000,0x00000000eaf80000)
  to   space 6656K, 0% used [0x00000000f1280000,0x00000000f1280000,0x00000000f1900000)
 ParOldGen       total 53760K, used 13320K [0x0000000080000000, 0x0000000083480000, 0x00000000d5580000)
  object space 53760K, 24% used [0x0000000080000000,0x0000000080d02080,0x0000000083480000)
 Metaspace       used 34104K, capacity 35386K, committed 35496K, reserved 1079296K
  class space    used 4436K, capacity 4704K, committed 4784K, reserved 1048576K
Event: 7.502 GC heap after
Heap after GC invocations=13 (full 2):
 PSYoungGen      total 354304K, used 0K [0x00000000d5580000, 0x00000000f1900000, 0x0000000100000000)
  eden space 347648K, 0% used [0x00000000d5580000,0x00000000d5580000,0x00000000ea900000)
  from space 6656K, 0% used [0x00000000ea900000,0x00000000ea900000,0x00000000eaf80000)
  to   space 6656K, 0% used [0x00000000f1280000,0x00000000f1280000,0x00000000f1900000)
 ParOldGen       total 92160K, used 16058K [0x0000000080000000, 0x0000000085a00000, 0x00000000d5580000)
  object space 92160K, 17% used [0x0000000080000000,0x0000000080fae870,0x0000000085a00000)
 Metaspace       used 34104K, capacity 35386K, committed 35496K, reserved 1079296K
  class space    used 4436K, capacity 4704K, committed 4784K, reserved 1048576K
}
Event: 9.618 GC heap before
{Heap before GC invocations=14 (full 2):
 PSYoungGen      total 354304K, used 347648K [0x00000000d5580000, 0x00000000f1900000, 0x0000000100000000)
  eden space 347648K, 100% used [0x00000000d5580000,0x00000000ea900000,0x00000000ea900000)
  from space 6656K, 0% used [0x00000000ea900000,0x00000000ea900000,0x00000000eaf80000)
  to   space 6656K, 0% used [0x00000000f1280000,0x00000000f1280000,0x00000000f1900000)
 ParOldGen       total 92160K, used 16058K [0x0000000080000000, 0x0000000085a00000, 0x00000000d5580000)
  object space 92160K, 17% used [0x0000000080000000,0x0000000080fae870,0x0000000085a00000)
 Metaspace       used 40113K, capacity 41928K, committed 42280K, reserved 1085440K
  class space    used 5215K, capacity 5559K, committed 5680K, reserved 1048576K
Event: 9.658 GC heap after
Heap after GC invocations=14 (full 2):
 PSYoungGen      total 449024K, used 6632K [0x00000000d5580000, 0x00000000f1900000, 0x0000000100000000)
  eden space 442368K, 0% used [0x00000000d5580000,0x00000000d5580000,0x00000000f0580000)
  from space 6656K, 99% used [0x00000000f1280000,0x00000000f18fa150,0x00000000f1900000)
  to   space 8704K, 0% used [0x00000000f0800000,0x00000000f0800000,0x00000000f1080000)
 ParOldGen       total 92160K, used 20236K [0x0000000080000000, 0x0000000085a00000, 0x00000000d5580000)
  object space 92160K, 21% used [0x0000000080000000,0x00000000813c3178,0x0000000085a00000)
 Metaspace       used 40113K, capacity 41928K, committed 42280K, reserved 1085440K
  class space    used 5215K, capacity 5559K, committed 5680K, reserved 1048576K
}
Event: 13.118 GC heap before
{Heap before GC invocations=15 (full 2):
 PSYoungGen      total 449024K, used 449000K [0x00000000d5580000, 0x00000000f1900000, 0x0000000100000000)
  eden space 442368K, 100% used [0x00000000d5580000,0x00000000f0580000,0x00000000f0580000)
  from space 6656K, 99% used [0x00000000f1280000,0x00000000f18fa150,0x00000000f1900000)
  to   space 8704K, 0% used [0x00000000f0800000,0x00000000f0800000,0x00000000f1080000)
 ParOldGen       total 92160K, used 20236K [0x0000000080000000, 0x0000000085a00000, 0x00000000d5580000)
  object space 92160K, 21% used [0x0000000080000000,0x00000000813c3178,0x0000000085a00000)
 Metaspace       used 47667K, capacity 50138K, committed 50344K, reserved 1093632K
  class space    used 6325K, capacity 6774K, committed 6832K, reserved 1048576K
Event: 13.161 GC heap after
Heap after GC invocations=15 (full 2):
 PSYoungGen      total 453632K, used 7981K [0x00000000d5580000, 0x00000000f8880000, 0x0000000100000000)
  eden space 444928K, 0% used [0x00000000d5580000,0x00000000d5580000,0x00000000f0800000)
  from space 8704K, 91% used [0x00000000f0800000,0x00000000f0fcb780,0x00000000f1080000)
  to   space 9728K, 0% used [0x00000000f7f00000,0x00000000f7f00000,0x00000000f8880000)
 ParOldGen       total 92160K, used 26716K [0x0000000080000000, 0x0000000085a00000, 0x00000000d5580000)
  object space 92160K, 28% used [0x0000000080000000,0x0000000081a173d0,0x0000000085a00000)
 Metaspace       used 47667K, capacity 50138K, committed 50344K, reserved 1093632K
  class space    used 6325K, capacity 6774K, committed 6832K, reserved 1048576K
}

