# JRE version: Java(TM) SE Runtime Environment (8.0_121-b13) (build 1.8.0_121-b13)
# Java VM: Java HotSpot(TM) 64-Bit Server VM (25.121-b13 mixed mode windows-amd64 compressed oops)
Heap:
 PSYoungGen      total 136704K, used 121633K [0x00000000d5580000, 0x00000000de080000, 0x0000000100000000)
  eden space 132608K, 88% used [0x00000000d5580000,0x00000000dc850710,0x00000000dd700000)
  from space 4096K, 99% used [0x00000000ddb80000,0x00000000ddf78040,0x00000000ddf80000)
  to   space 4608K, 0% used [0x00000000dd700000,0x00000000dd700000,0x00000000ddb80000)
 ParOldGen       total 87552K, used 368K [0x0000000080000000, 0x0000000085580000, 0x00000000d5580000)
  object space 87552K, 0% used [0x0000000080000000,0x000000008005c000,0x0000000085580000)
 Metaspace       used 17343K, capacity 17882K, committed 18048K, reserved 1064960K
  class space    used 2247K, capacity 2408K, committed 2432K, reserved 1048576K
GC Heap History (10 events):
Event: 1.407 GC heap before
{Heap before GC invocations=2 (full 0):
 PSYoungGen      total 38400K, used 35472K [0x00000000d5580000, 0x00000000d8000000, 0x0000000100000000)
  eden space 33280K, 100% used [0x00000000d5580000,0x00000000d7600000,0x00000000d7600000)
  from space 5120K, 42% used [0x00000000d7600000,0x00000000d7824010,0x00000000d7b00000)
  to   space 5120K, 0% used [0x00000000d7b00000,0x00000000d7b00000,0x00000000d8000000)
 ParOldGen       total 87552K, used 8K [0x0000000080000000, 0x0000000085580000, 0x00000000d5580000)
  object space 87552K, 0% used [0x0000000080000000,0x0000000080002000,0x0000000085580000)
 Metaspace       used 7611K, capacity 7844K, committed 7936K, reserved 1056768K
  class space    used 858K, capacity 950K, committed 1024K, reserved 1048576K
Event: 1.411 GC heap after
Heap after GC invocations=2 (full 0):
 PSYoungGen      total 38400K, used 2448K [0x00000000d5580000, 0x00000000d8000000, 0x0000000100000000)
  eden space 33280K, 0% used [0x00000000d5580000,0x00000000d5580000,0x00000000d7600000)
  from space 5120K, 47% used [0x00000000d7b00000,0x00000000d7d64010,0x00000000d8000000)
  to   space 5120K, 0% used [0x00000000d7600000,0x00000000d7600000,0x00000000d7b00000)
 ParOldGen       total 87552K, used 16K [0x0000000080000000, 0x0000000085580000, 0x00000000d5580000)
  object space 87552K, 0% used [0x0000000080000000,0x0000000080004000,0x0000000085580000)
 Metaspace       used 7611K, capacity 7844K, committed 7936K, reserved 1056768K
  class space    used 858K, capacity 950K, committed 1024K, reserved 1048576K
}
Event: 1.564 GC heap before
{Heap before GC invocations=3 (full 0):
 PSYoungGen      total 38400K, used 35728K [0x00000000d5580000, 0x00000000d8000000, 0x0000000100000000)
  eden space 33280K, 100% used [0x00000000d5580000,0x00000000d7600000,0x00000000d7600000)
  from space 5120K, 47% used [0x00000000d7b00000,0x00000000d7d64010,0x00000000d8000000)
  to   space 5120K, 0% used [0x00000000d7600000,0x00000000d7600000,0x00000000d7b00000)
 ParOldGen       total 87552K, used 16K [0x0000000080000000, 0x0000000085580000, 0x00000000d5580000)
  object space 87552K, 0% used [0x0000000080000000,0x0000000080004000,0x0000000085580000)
 Metaspace       used 8718K, capacity 8992K, committed 9088K, reserved 1056768K
  class space    used 1018K, capacity 1118K, committed 1152K, reserved 1048576K
Event: 1.567 GC heap after
Heap after GC invocations=3 (full 0):
 PSYoungGen      total 38400K, used 2688K [0x00000000d5580000, 0x00000000da080000, 0x0000000100000000)
  eden space 33280K, 0% used [0x00000000d5580000,0x00000000d5580000,0x00000000d7600000)
  from space 5120K, 52% used [0x00000000d7600000,0x00000000d78a0000,0x00000000d7b00000)
  to   space 5120K, 0% used [0x00000000d9b80000,0x00000000d9b80000,0x00000000da080000)
 ParOldGen       total 87552K, used 24K [0x0000000080000000, 0x0000000085580000, 0x00000000d5580000)
  object space 87552K, 0% used [0x0000000080000000,0x0000000080006000,0x0000000085580000)
 Metaspace       used 8718K, capacity 8992K, committed 9088K, reserved 1056768K
  class space    used 1018K, capacity 1118K, committed 1152K, reserved 1048576K
}
Event: 1.681 GC heap before
{Heap before GC invocations=4 (full 0):
 PSYoungGen      total 38400K, used 35968K [0x00000000d5580000, 0x00000000da080000, 0x0000000100000000)
  eden space 33280K, 100% used [0x00000000d5580000,0x00000000d7600000,0x00000000d7600000)
  from space 5120K, 52% used [0x00000000d7600000,0x00000000d78a0000,0x00000000d7b00000)
  to   space 5120K, 0% used [0x00000000d9b80000,0x00000000d9b80000,0x00000000da080000)
 ParOldGen       total 87552K, used 24K [0x0000000080000000, 0x0000000085580000, 0x00000000d5580000)
  object space 87552K, 0% used [0x0000000080000000,0x0000000080006000,0x0000000085580000)
 Metaspace       used 9823K, capacity 10100K, committed 10240K, reserved 1058816K
  class space    used 1145K, capacity 1252K, committed 1280K, reserved 1048576K
Event: 1.685 GC heap after
Heap after GC invocations=4 (full 0):
 PSYoungGen      total 71680K, used 3008K [0x00000000d5580000, 0x00000000da080000, 0x0000000100000000)
  eden space 66560K, 0% used [0x00000000d5580000,0x00000000d5580000,0x00000000d9680000)
  from space 5120K, 58% used [0x00000000d9b80000,0x00000000d9e70000,0x00000000da080000)
  to   space 5120K, 0% used [0x00000000d9680000,0x00000000d9680000,0x00000000d9b80000)
 ParOldGen       total 87552K, used 32K [0x0000000080000000, 0x0000000085580000, 0x00000000d5580000)
  object space 87552K, 0% used [0x0000000080000000,0x0000000080008000,0x0000000085580000)
 Metaspace       used 9823K, capacity 10100K, committed 10240K, reserved 1058816K
  class space    used 1145K, capacity 1252K, committed 1280K, reserved 1048576K
}
Event: 2.022 GC heap before
{Heap before GC invocations=5 (full 0):
 PSYoungGen      total 71680K, used 69568K [0x00000000d5580000, 0x00000000da080000, 0x0000000100000000)
  eden space 66560K, 100% used [0x00000000d5580000,0x00000000d9680000,0x00000000d9680000)
  from space 5120K, 58% used [0x00000000d9b80000,0x00000000d9e70000,0x00000000da080000)
  to   space 5120K, 0% used [0x00000000d9680000,0x00000000d9680000,0x00000000d9b80000)
 ParOldGen       total 87552K, used 32K [0x0000000080000000, 0x0000000085580000, 0x00000000d5580000)
  object space 87552K, 0% used [0x0000000080000000,0x0000000080008000,0x0000000085580000)
 Metaspace       used 12389K, capacity 12772K, committed 12928K, reserved 1060864K
  class space    used 1507K, capacity 1663K, committed 1664K, reserved 1048576K
Event: 2.033 GC heap after
Heap after GC invocations=5 (full 0):
 PSYoungGen      total 71680K, used 3712K [0x00000000d5580000, 0x00000000ddf80000, 0x0000000100000000)
  eden space 66560K, 0% used [0x00000000d5580000,0x00000000d5580000,0x00000000d9680000)
  from space 5120K, 72% used [0x00000000d9680000,0x00000000d9a20020,0x00000000d9b80000)
  to   space 4096K, 0% used [0x00000000ddb80000,0x00000000ddb80000,0x00000000ddf80000)
 ParOldGen       total 87552K, used 40K [0x0000000080000000, 0x0000000085580000, 0x00000000d5580000)
  object space 87552K, 0% used [0x0000000080000000,0x000000008000a000,0x0000000085580000)
 Metaspace       used 12389K, capacity 12772K, committed 12928K, reserved 1060864K
  class space    used 1507K, capacity 1663K, committed 1664K, reserved 1048576K
}
Event: 2.230 GC heap before
{Heap before GC invocations=6 (full 0):
 PSYoungGen      total 71680K, used 70272K [0x00000000d5580000, 0x00000000ddf80000, 0x0000000100000000)
  eden space 66560K, 100% used [0x00000000d5580000,0x00000000d9680000,0x00000000d9680000)
  from space 5120K, 72% used [0x00000000d9680000,0x00000000d9a20020,0x00000000d9b80000)
  to   space 4096K, 0% used [0x00000000ddb80000,0x00000000ddb80000,0x00000000ddf80000)
 ParOldGen       total 87552K, used 40K [0x0000000080000000, 0x0000000085580000, 0x00000000d5580000)
  object space 87552K, 0% used [0x0000000080000000,0x000000008000a000,0x0000000085580000)
 Metaspace       used 14145K, capacity 14656K, committed 14848K, reserved 1062912K
  class space    used 1855K, capacity 2019K, committed 2048K, reserved 1048576K
Event: 2.240 GC heap after
Heap after GC invocations=6 (full 0):
 PSYoungGen      total 136704K, used 4064K [0x00000000d5580000, 0x00000000de080000, 0x0000000100000000)
  eden space 132608K, 0% used [0x00000000d5580000,0x00000000d5580000,0x00000000dd700000)
  from space 4096K, 99% used [0x00000000ddb80000,0x00000000ddf78040,0x00000000ddf80000)
  to   space 4608K, 0% used [0x00000000dd700000,0x00000000dd700000,0x00000000ddb80000)
 ParOldGen       total 87552K, used 368K [0x0000000080000000, 0x0000000085580000, 0x00000000d5580000)
  object space 87552K, 0% used [0x0000000080000000,0x000000008005c000,0x0000000085580000)
 Metaspace       used 14145K, capacity 14656K, committed 14848K, reserved 1062912K
  class space    used 1855K, capacity 2019K, committed 2048K, reserved 1048576K
}

